<?xml version="1.0" encoding="utf-8"?><testsuite errors="0" failures="0" name="pytest" skips="0" tests="3" time="116.984"><testcase classname="test_01" file="test_01.py" line="63" name="test_register" time="2.451301097869873"></testcase><testcase classname="test_02" file="test_02.py" line="66" name="test_recover[2]" time="11.448111295700073"></testcase><testcase classname="test_02" file="test_02.py" line="71" name="test_timeout[5]" time="102.44252586364746"></testcase></testsuite>